1 0.2203388893
2 0.1337829168
3 0.1137495969
4 0.0596424327
5 0.0397746185
6 0.0186607604
7 0.0136255154
8 0.0101797772
9 0.0043981378
10 0.0035439981
11 0.0030034557
12 0.0018199929
13 0.0010303865
14 0.0008758566
15 0.0006614279
16 0.0003607638
17 0.0002439224
18 0.0002002278
19 0.0001470628
20 0.0000696984
21 0.0000558544
22 0.0000454280
23 0.0000294247
24 0.0000166359
25 0.0000138723
26 0.0000103881
27 0.0000059207
28 0.0000035457
29 0.0000028063
30 0.0000022365
31 0.0000014649
32 0.0000011568
33 0.0000008343
